<?xml version="1.0" encoding="UTF-8"?>
<!-- Generated by org.testng.reporters.JUnitXMLReporter -->
<testsuite ignored="0" hostname="DESKTOP-0GFRTS5" failures="0" tests="4" name="TestNg" time="28.601" errors="0" timestamp="2023-11-12T23:06:20 EST">
  <testcase classname="testLayer.LoginTest" name="title" time="0.022"/>
  <testcase classname="testLayer.LoginTest" name="login" time="2.727"/>
  <testcase classname="testLayer.LoginTest" name="login" time="2.698"/>
  <testcase classname="testLayer.LoginTest" name="login" time="2.689"/>
</testsuite> <!-- TestNg -->
