<?xml version="1.0" encoding="UTF-8"?>
<!-- Generated by org.testng.reporters.JUnitXMLReporter -->
<testsuite ignored="0" hostname="DESKTOP-0GFRTS5" failures="0" tests="4" name="TestNg" time="23.379" errors="0" timestamp="2023-11-13T21:57:08 EST">
  <testcase classname="testLayer.LoginTest" name="title" time="0.019"/>
  <testcase classname="testLayer.LoginTest" name="login" time="2.722"/>
  <testcase classname="testLayer.LoginTest" name="login" time="2.693"/>
  <testcase classname="testLayer.LoginTest" name="login" time="2.673"/>
</testsuite> <!-- TestNg -->
