<?xml version="1.0" encoding="UTF-8"?>
<!-- Generated by org.testng.reporters.JUnitXMLReporter -->
<testsuite ignored="0" hostname="DESKTOP-0GFRTS5" failures="0" tests="4" name="Default test" time="28.669" errors="0" timestamp="2023-11-13T11:29:21 EST">
  <testcase classname="testLayer.LoginTest" name="title" time="0.044"/>
  <testcase classname="testLayer.LoginTest" name="login" time="2.787"/>
  <testcase classname="testLayer.LoginTest" name="login" time="2.757"/>
  <testcase classname="testLayer.LoginTest" name="login" time="2.844"/>
</testsuite> <!-- Default test -->
