<?xml version="1.0" encoding="UTF-8"?>
<testng-results ignored="0" total="4" passed="4" failed="0" skipped="0">
  <reporter-output>
  </reporter-output>
  <suite started-at="2023-11-13T21:56:45 EST" name="OrangeHRM" finished-at="2023-11-13T21:57:08 EST" duration-ms="23379">
    <groups>
    </groups>
    <test started-at="2023-11-13T21:56:45 EST" name="TestNg" finished-at="2023-11-13T21:57:08 EST" duration-ms="23379">
      <class name="testLayer.LoginTest">
        <test-method is-config="true" signature="initsetup()[pri:0, instance:testLayer.LoginTest@7ca20101]" started-at="2023-11-13T21:56:45 EST" name="initsetup" finished-at="2023-11-13T21:56:50 EST" duration-ms="5172" status="PASS">
          <reporter-output>
          </reporter-output>
        </test-method> <!-- initsetup -->
        <test-method signature="title()[pri:1, instance:testLayer.LoginTest@7ca20101]" started-at="2023-11-13T21:56:50 EST" name="title" finished-at="2023-11-13T21:56:50 EST" duration-ms="19" status="PASS">
          <reporter-output>
          </reporter-output>
        </test-method> <!-- title -->
        <test-method is-config="true" signature="closebrowser()[pri:0, instance:testLayer.LoginTest@7ca20101]" started-at="2023-11-13T21:56:50 EST" name="closebrowser" finished-at="2023-11-13T21:56:50 EST" duration-ms="134" status="PASS">
          <reporter-output>
          </reporter-output>
        </test-method> <!-- closebrowser -->
        <test-method is-config="true" signature="initsetup()[pri:0, instance:testLayer.LoginTest@7ca20101]" started-at="2023-11-13T21:56:51 EST" name="initsetup" finished-at="2023-11-13T21:56:54 EST" duration-ms="2890" status="PASS">
          <reporter-output>
          </reporter-output>
        </test-method> <!-- initsetup -->
        <test-method signature="login(java.lang.String,java.lang.String)[pri:2, instance:testLayer.LoginTest@7ca20101]" started-at="2023-11-13T21:56:54 EST" name="login" data-provider="details" finished-at="2023-11-13T21:56:57 EST" duration-ms="2722" status="PASS">
          <params>
            <param index="0">
              <value>
                <![CDATA[Admin]]>
              </value>
            </param>
            <param index="1">
              <value>
                <![CDATA[admin123]]>
              </value>
            </param>
          </params>
          <reporter-output>
          </reporter-output>
        </test-method> <!-- login -->
        <test-method is-config="true" signature="closebrowser()[pri:0, instance:testLayer.LoginTest@7ca20101]" started-at="2023-11-13T21:56:57 EST" name="closebrowser" finished-at="2023-11-13T21:56:57 EST" duration-ms="120" status="PASS">
          <reporter-output>
          </reporter-output>
        </test-method> <!-- closebrowser -->
        <test-method is-config="true" signature="initsetup()[pri:0, instance:testLayer.LoginTest@7ca20101]" started-at="2023-11-13T21:56:57 EST" name="initsetup" finished-at="2023-11-13T21:57:00 EST" duration-ms="3366" status="PASS">
          <reporter-output>
          </reporter-output>
        </test-method> <!-- initsetup -->
        <test-method signature="login(java.lang.String,java.lang.String)[pri:2, instance:testLayer.LoginTest@7ca20101]" started-at="2023-11-13T21:57:00 EST" name="login" data-provider="details" finished-at="2023-11-13T21:57:03 EST" duration-ms="2693" status="PASS">
          <params>
            <param index="0">
              <value>
                <![CDATA[Admin]]>
              </value>
            </param>
            <param index="1">
              <value>
                <![CDATA[abcd]]>
              </value>
            </param>
          </params>
          <reporter-output>
          </reporter-output>
        </test-method> <!-- login -->
        <test-method is-config="true" signature="closebrowser()[pri:0, instance:testLayer.LoginTest@7ca20101]" started-at="2023-11-13T21:57:03 EST" name="closebrowser" finished-at="2023-11-13T21:57:03 EST" duration-ms="152" status="PASS">
          <reporter-output>
          </reporter-output>
        </test-method> <!-- closebrowser -->
        <test-method is-config="true" signature="initsetup()[pri:0, instance:testLayer.LoginTest@7ca20101]" started-at="2023-11-13T21:57:03 EST" name="initsetup" finished-at="2023-11-13T21:57:06 EST" duration-ms="2665" status="PASS">
          <reporter-output>
          </reporter-output>
        </test-method> <!-- initsetup -->
        <test-method signature="login(java.lang.String,java.lang.String)[pri:2, instance:testLayer.LoginTest@7ca20101]" started-at="2023-11-13T21:57:06 EST" name="login" data-provider="details" finished-at="2023-11-13T21:57:08 EST" duration-ms="2673" status="PASS">
          <params>
            <param index="0">
              <value>
                <![CDATA[Tom]]>
              </value>
            </param>
            <param index="1">
              <value>
                <![CDATA[abcdef]]>
              </value>
            </param>
          </params>
          <reporter-output>
          </reporter-output>
        </test-method> <!-- login -->
        <test-method is-config="true" signature="closebrowser()[pri:0, instance:testLayer.LoginTest@7ca20101]" started-at="2023-11-13T21:57:08 EST" name="closebrowser" finished-at="2023-11-13T21:57:08 EST" duration-ms="119" status="PASS">
          <reporter-output>
          </reporter-output>
        </test-method> <!-- closebrowser -->
      </class> <!-- testLayer.LoginTest -->
    </test> <!-- TestNg -->
  </suite> <!-- OrangeHRM -->
</testng-results>
