<?xml version="1.0" encoding="UTF-8"?>
<testng-results ignored="0" total="4" passed="4" failed="0" skipped="0">
  <reporter-output>
  </reporter-output>
  <suite started-at="2023-11-13T11:28:52 EST" name="Default suite" finished-at="2023-11-13T11:29:21 EST" duration-ms="28669">
    <groups>
    </groups>
    <test started-at="2023-11-13T11:28:52 EST" name="Default test" finished-at="2023-11-13T11:29:21 EST" duration-ms="28669">
      <class name="testLayer.LoginTest">
        <test-method is-config="true" signature="initsetup()[pri:0, instance:testLayer.LoginTest@6adbc9d]" started-at="2023-11-13T11:28:52 EST" name="initsetup" finished-at="2023-11-13T11:29:01 EST" duration-ms="9011" status="PASS">
          <reporter-output>
          </reporter-output>
        </test-method> <!-- initsetup -->
        <test-method signature="title()[pri:1, instance:testLayer.LoginTest@6adbc9d]" started-at="2023-11-13T11:29:01 EST" name="title" finished-at="2023-11-13T11:29:01 EST" duration-ms="44" status="PASS">
          <reporter-output>
          </reporter-output>
        </test-method> <!-- title -->
        <test-method is-config="true" signature="closebrowser()[pri:0, instance:testLayer.LoginTest@6adbc9d]" started-at="2023-11-13T11:29:01 EST" name="closebrowser" finished-at="2023-11-13T11:29:01 EST" duration-ms="114" status="PASS">
          <reporter-output>
          </reporter-output>
        </test-method> <!-- closebrowser -->
        <test-method is-config="true" signature="initsetup()[pri:0, instance:testLayer.LoginTest@6adbc9d]" started-at="2023-11-13T11:29:03 EST" name="initsetup" finished-at="2023-11-13T11:29:06 EST" duration-ms="2973" status="PASS">
          <reporter-output>
          </reporter-output>
        </test-method> <!-- initsetup -->
        <test-method signature="login(java.lang.String,java.lang.String)[pri:2, instance:testLayer.LoginTest@6adbc9d]" started-at="2023-11-13T11:29:06 EST" name="login" data-provider="details" finished-at="2023-11-13T11:29:09 EST" duration-ms="2787" status="PASS">
          <params>
            <param index="0">
              <value>
                <![CDATA[Admin]]>
              </value>
            </param>
            <param index="1">
              <value>
                <![CDATA[admin123]]>
              </value>
            </param>
          </params>
          <reporter-output>
          </reporter-output>
        </test-method> <!-- login -->
        <test-method is-config="true" signature="closebrowser()[pri:0, instance:testLayer.LoginTest@6adbc9d]" started-at="2023-11-13T11:29:09 EST" name="closebrowser" finished-at="2023-11-13T11:29:09 EST" duration-ms="127" status="PASS">
          <reporter-output>
          </reporter-output>
        </test-method> <!-- closebrowser -->
        <test-method is-config="true" signature="initsetup()[pri:0, instance:testLayer.LoginTest@6adbc9d]" started-at="2023-11-13T11:29:09 EST" name="initsetup" finished-at="2023-11-13T11:29:12 EST" duration-ms="2928" status="PASS">
          <reporter-output>
          </reporter-output>
        </test-method> <!-- initsetup -->
        <test-method signature="login(java.lang.String,java.lang.String)[pri:2, instance:testLayer.LoginTest@6adbc9d]" started-at="2023-11-13T11:29:12 EST" name="login" data-provider="details" finished-at="2023-11-13T11:29:14 EST" duration-ms="2757" status="PASS">
          <params>
            <param index="0">
              <value>
                <![CDATA[Admin]]>
              </value>
            </param>
            <param index="1">
              <value>
                <![CDATA[abcd]]>
              </value>
            </param>
          </params>
          <reporter-output>
          </reporter-output>
        </test-method> <!-- login -->
        <test-method is-config="true" signature="closebrowser()[pri:0, instance:testLayer.LoginTest@6adbc9d]" started-at="2023-11-13T11:29:14 EST" name="closebrowser" finished-at="2023-11-13T11:29:14 EST" duration-ms="140" status="PASS">
          <reporter-output>
          </reporter-output>
        </test-method> <!-- closebrowser -->
        <test-method is-config="true" signature="initsetup()[pri:0, instance:testLayer.LoginTest@6adbc9d]" started-at="2023-11-13T11:29:14 EST" name="initsetup" finished-at="2023-11-13T11:29:18 EST" duration-ms="3395" status="PASS">
          <reporter-output>
          </reporter-output>
        </test-method> <!-- initsetup -->
        <test-method signature="login(java.lang.String,java.lang.String)[pri:2, instance:testLayer.LoginTest@6adbc9d]" started-at="2023-11-13T11:29:18 EST" name="login" data-provider="details" finished-at="2023-11-13T11:29:21 EST" duration-ms="2844" status="PASS">
          <params>
            <param index="0">
              <value>
                <![CDATA[Tom]]>
              </value>
            </param>
            <param index="1">
              <value>
                <![CDATA[abcdef]]>
              </value>
            </param>
          </params>
          <reporter-output>
          </reporter-output>
        </test-method> <!-- login -->
        <test-method is-config="true" signature="closebrowser()[pri:0, instance:testLayer.LoginTest@6adbc9d]" started-at="2023-11-13T11:29:21 EST" name="closebrowser" finished-at="2023-11-13T11:29:21 EST" duration-ms="132" status="PASS">
          <reporter-output>
          </reporter-output>
        </test-method> <!-- closebrowser -->
      </class> <!-- testLayer.LoginTest -->
    </test> <!-- Default test -->
  </suite> <!-- Default suite -->
</testng-results>
